<?xml version="1.0" encoding="UTF-8"?>
<testng-results ignored="20" total="31" passed="10" failed="1" skipped="0">
  <reporter-output>
  </reporter-output>
  <suite started-at="2024-06-14T11:04:27 IST" name="Suite" finished-at="2024-06-14T11:12:34 IST" duration-ms="486516">
    <groups>
    </groups>
    <test started-at="2024-06-14T11:04:27 IST" name="Test" finished-at="2024-06-14T11:12:34 IST" duration-ms="486516">
      <class name="X_YUG.Mobile_Application_Development">
        <test-method is-config="true" signature="bcconfig()[pri:0, instance:X_YUG.Mobile_Application_Development@402c4085]" started-at="2024-06-14T11:11:04 IST" name="bcconfig" finished-at="2024-06-14T11:11:09 IST" duration-ms="4845" status="PASS">
          <reporter-output>
          </reporter-output>
        </test-method> <!-- bcconfig -->
        <test-method is-config="true" signature="bmconfig()[pri:0, instance:X_YUG.Mobile_Application_Development@402c4085]" started-at="2024-06-14T11:11:09 IST" name="bmconfig" finished-at="2024-06-14T11:11:09 IST" duration-ms="3" status="PASS">
          <reporter-output>
          </reporter-output>
        </test-method> <!-- bmconfig -->
        <test-method signature="mobile()[pri:0, instance:X_YUG.Mobile_Application_Development@402c4085]" started-at="2024-06-14T11:11:09 IST" name="mobile" finished-at="2024-06-14T11:12:05 IST" duration-ms="56686" status="PASS">
          <reporter-output>
          </reporter-output>
        </test-method> <!-- mobile -->
        <test-method is-config="true" signature="amconfig()[pri:0, instance:X_YUG.Mobile_Application_Development@402c4085]" started-at="2024-06-14T11:12:05 IST" name="amconfig" finished-at="2024-06-14T11:12:05 IST" duration-ms="0" status="PASS">
          <reporter-output>
          </reporter-output>
        </test-method> <!-- amconfig -->
        <test-method is-config="true" signature="acConfig()[pri:0, instance:X_YUG.Mobile_Application_Development@402c4085]" started-at="2024-06-14T11:12:05 IST" name="acConfig" finished-at="2024-06-14T11:12:06 IST" duration-ms="324" status="PASS">
          <reporter-output>
          </reporter-output>
        </test-method> <!-- acConfig -->
      </class> <!-- X_YUG.Mobile_Application_Development -->
      <class name="X_YUG.X_Yug_UIUxPage">
        <test-method is-config="true" signature="bcconfig()[pri:0, instance:X_YUG.X_Yug_UIUxPage@5524cca1]" started-at="2024-06-14T11:07:28 IST" name="bcconfig" finished-at="2024-06-14T11:07:33 IST" duration-ms="5020" status="PASS">
          <reporter-output>
          </reporter-output>
        </test-method> <!-- bcconfig -->
        <test-method signature="clickUiUx()[pri:0, instance:X_YUG.X_Yug_UIUxPage@5524cca1]" started-at="2024-06-14T11:07:33 IST" name="clickUiUx" finished-at="2024-06-14T11:08:07 IST" duration-ms="34236" status="PASS">
          <reporter-output>
          </reporter-output>
        </test-method> <!-- clickUiUx -->
        <test-method is-config="true" signature="bmconfig()[pri:0, instance:X_YUG.X_Yug_UIUxPage@5524cca1]" started-at="2024-06-14T11:07:33 IST" name="bmconfig" finished-at="2024-06-14T11:07:33 IST" duration-ms="0" status="PASS">
          <reporter-output>
          </reporter-output>
        </test-method> <!-- bmconfig -->
        <test-method is-config="true" signature="amconfig()[pri:0, instance:X_YUG.X_Yug_UIUxPage@5524cca1]" started-at="2024-06-14T11:08:07 IST" name="amconfig" finished-at="2024-06-14T11:08:07 IST" duration-ms="0" status="PASS">
          <reporter-output>
          </reporter-output>
        </test-method> <!-- amconfig -->
        <test-method is-config="true" signature="acConfig()[pri:0, instance:X_YUG.X_Yug_UIUxPage@5524cca1]" started-at="2024-06-14T11:08:07 IST" name="acConfig" finished-at="2024-06-14T11:08:08 IST" duration-ms="384" status="PASS">
          <reporter-output>
          </reporter-output>
        </test-method> <!-- acConfig -->
      </class> <!-- X_YUG.X_Yug_UIUxPage -->
      <class name="X_YUG.X_Yug_AboutPage">
        <test-method is-config="true" signature="bcconfig()[pri:0, instance:X_YUG.X_Yug_AboutPage@353352b6]" started-at="2024-06-14T11:09:02 IST" name="bcconfig" finished-at="2024-06-14T11:09:06 IST" duration-ms="4217" status="PASS">
          <reporter-output>
          </reporter-output>
        </test-method> <!-- bcconfig -->
        <test-method is-config="true" signature="bmconfig()[pri:0, instance:X_YUG.X_Yug_AboutPage@353352b6]" started-at="2024-06-14T11:09:06 IST" name="bmconfig" finished-at="2024-06-14T11:09:06 IST" duration-ms="2" status="PASS">
          <reporter-output>
          </reporter-output>
        </test-method> <!-- bmconfig -->
        <test-method signature="PerformeAbout()[pri:0, instance:X_YUG.X_Yug_AboutPage@353352b6]" started-at="2024-06-14T11:09:06 IST" name="PerformeAbout" finished-at="2024-06-14T11:09:43 IST" duration-ms="36891" status="PASS">
          <reporter-output>
          </reporter-output>
        </test-method> <!-- PerformeAbout -->
        <test-method is-config="true" signature="amconfig()[pri:0, instance:X_YUG.X_Yug_AboutPage@353352b6]" started-at="2024-06-14T11:09:43 IST" name="amconfig" finished-at="2024-06-14T11:09:43 IST" duration-ms="10" status="PASS">
          <reporter-output>
          </reporter-output>
        </test-method> <!-- amconfig -->
        <test-method is-config="true" signature="acConfig()[pri:0, instance:X_YUG.X_Yug_AboutPage@353352b6]" started-at="2024-06-14T11:09:43 IST" name="acConfig" finished-at="2024-06-14T11:09:43 IST" duration-ms="359" status="PASS">
          <reporter-output>
          </reporter-output>
        </test-method> <!-- acConfig -->
      </class> <!-- X_YUG.X_Yug_AboutPage -->
      <class name="X_YUG.X_Yug_HomePage">
        <test-method is-config="true" signature="bcconfig()[pri:0, instance:X_YUG.X_Yug_HomePage@4681c175]" started-at="2024-06-14T11:09:43 IST" name="bcconfig" finished-at="2024-06-14T11:09:48 IST" duration-ms="5136" status="PASS">
          <reporter-output>
          </reporter-output>
        </test-method> <!-- bcconfig -->
        <test-method signature="performHomePage()[pri:0, instance:X_YUG.X_Yug_HomePage@4681c175]" started-at="2024-06-14T11:09:48 IST" name="performHomePage" finished-at="2024-06-14T11:10:25 IST" duration-ms="36546" status="PASS">
          <reporter-output>
          </reporter-output>
        </test-method> <!-- performHomePage -->
        <test-method is-config="true" signature="bmconfig()[pri:0, instance:X_YUG.X_Yug_HomePage@4681c175]" started-at="2024-06-14T11:09:48 IST" name="bmconfig" finished-at="2024-06-14T11:09:48 IST" duration-ms="0" status="PASS">
          <reporter-output>
          </reporter-output>
        </test-method> <!-- bmconfig -->
        <test-method is-config="true" signature="amconfig()[pri:0, instance:X_YUG.X_Yug_HomePage@4681c175]" started-at="2024-06-14T11:10:25 IST" name="amconfig" finished-at="2024-06-14T11:10:25 IST" duration-ms="2" status="PASS">
          <reporter-output>
          </reporter-output>
        </test-method> <!-- amconfig -->
        <test-method is-config="true" signature="acConfig()[pri:0, instance:X_YUG.X_Yug_HomePage@4681c175]" started-at="2024-06-14T11:10:25 IST" name="acConfig" finished-at="2024-06-14T11:10:25 IST" duration-ms="348" status="PASS">
          <reporter-output>
          </reporter-output>
        </test-method> <!-- acConfig -->
      </class> <!-- X_YUG.X_Yug_HomePage -->
      <class name="X_YUG.Software_Development">
        <test-method is-config="true" signature="bcconfig()[pri:0, instance:X_YUG.Software_Development@33bc72d1]" started-at="2024-06-14T11:05:50 IST" name="bcconfig" finished-at="2024-06-14T11:05:56 IST" duration-ms="5682" status="PASS">
          <reporter-output>
          </reporter-output>
        </test-method> <!-- bcconfig -->
        <test-method is-config="true" signature="bmconfig()[pri:0, instance:X_YUG.Software_Development@33bc72d1]" started-at="2024-06-14T11:05:56 IST" name="bmconfig" finished-at="2024-06-14T11:05:56 IST" duration-ms="1" status="PASS">
          <reporter-output>
          </reporter-output>
        </test-method> <!-- bmconfig -->
        <test-method signature="clickReadMore()[pri:0, instance:X_YUG.Software_Development@33bc72d1]" started-at="2024-06-14T11:05:56 IST" name="clickReadMore" finished-at="2024-06-14T11:06:55 IST" duration-ms="58695" status="PASS">
          <reporter-output>
          </reporter-output>
        </test-method> <!-- clickReadMore -->
        <test-method is-config="true" signature="acConfig()[pri:0, instance:X_YUG.Software_Development@33bc72d1]" started-at="2024-06-14T11:06:55 IST" name="acConfig" finished-at="2024-06-14T11:06:55 IST" duration-ms="294" status="PASS">
          <reporter-output>
          </reporter-output>
        </test-method> <!-- acConfig -->
        <test-method is-config="true" signature="amconfig()[pri:0, instance:X_YUG.Software_Development@33bc72d1]" started-at="2024-06-14T11:06:55 IST" name="amconfig" finished-at="2024-06-14T11:06:55 IST" duration-ms="0" status="PASS">
          <reporter-output>
          </reporter-output>
        </test-method> <!-- amconfig -->
      </class> <!-- X_YUG.Software_Development -->
      <class name="X_YUG.X_YugMetavrse">
        <test-method is-config="true" signature="bcconfig()[pri:0, instance:X_YUG.X_YugMetavrse@48bb62]" started-at="2024-06-14T11:08:27 IST" name="bcconfig" finished-at="2024-06-14T11:08:31 IST" duration-ms="4516" status="PASS">
          <reporter-output>
          </reporter-output>
        </test-method> <!-- bcconfig -->
        <test-method signature="clickMetaverse()[pri:0, instance:X_YUG.X_YugMetavrse@48bb62]" started-at="2024-06-14T11:08:31 IST" name="clickMetaverse" finished-at="2024-06-14T11:09:01 IST" duration-ms="30171" status="PASS">
          <reporter-output>
          </reporter-output>
        </test-method> <!-- clickMetaverse -->
        <test-method is-config="true" signature="bmconfig()[pri:0, instance:X_YUG.X_YugMetavrse@48bb62]" started-at="2024-06-14T11:08:31 IST" name="bmconfig" finished-at="2024-06-14T11:08:31 IST" duration-ms="0" status="PASS">
          <reporter-output>
          </reporter-output>
        </test-method> <!-- bmconfig -->
        <test-method is-config="true" signature="amconfig()[pri:0, instance:X_YUG.X_YugMetavrse@48bb62]" started-at="2024-06-14T11:09:01 IST" name="amconfig" finished-at="2024-06-14T11:09:01 IST" duration-ms="4" status="PASS">
          <reporter-output>
          </reporter-output>
        </test-method> <!-- amconfig -->
        <test-method is-config="true" signature="acConfig()[pri:0, instance:X_YUG.X_YugMetavrse@48bb62]" started-at="2024-06-14T11:09:01 IST" name="acConfig" finished-at="2024-06-14T11:09:02 IST" duration-ms="294" status="PASS">
          <reporter-output>
          </reporter-output>
        </test-method> <!-- acConfig -->
      </class> <!-- X_YUG.X_YugMetavrse -->
      <class name="X_YUG.XYug_OurWorkSpace">
        <test-method is-config="true" signature="bsconfig()[pri:0, instance:X_YUG.XYug_OurWorkSpace@5e2c3d18]" started-at="2024-06-14T11:04:27 IST" name="bsconfig" finished-at="2024-06-14T11:04:27 IST" duration-ms="29" status="PASS">
          <reporter-output>
          </reporter-output>
        </test-method> <!-- bsconfig -->
        <test-method is-config="true" signature="bcconfig()[pri:0, instance:X_YUG.XYug_OurWorkSpace@5e2c3d18]" started-at="2024-06-14T11:04:27 IST" name="bcconfig" finished-at="2024-06-14T11:04:44 IST" duration-ms="16396" status="PASS">
          <reporter-output>
          </reporter-output>
        </test-method> <!-- bcconfig -->
        <test-method is-config="true" signature="bmconfig()[pri:0, instance:X_YUG.XYug_OurWorkSpace@5e2c3d18]" started-at="2024-06-14T11:04:44 IST" name="bmconfig" finished-at="2024-06-14T11:04:44 IST" duration-ms="1" status="PASS">
          <reporter-output>
          </reporter-output>
        </test-method> <!-- bmconfig -->
        <test-method signature="DashboardHome()[pri:0, instance:X_YUG.XYug_OurWorkSpace@5e2c3d18]" started-at="2024-06-14T11:04:44 IST" name="DashboardHome" finished-at="2024-06-14T11:05:50 IST" duration-ms="66106" status="PASS">
          <reporter-output>
          </reporter-output>
        </test-method> <!-- DashboardHome -->
        <test-method is-config="true" signature="amconfig()[pri:0, instance:X_YUG.XYug_OurWorkSpace@5e2c3d18]" started-at="2024-06-14T11:05:50 IST" name="amconfig" finished-at="2024-06-14T11:05:50 IST" duration-ms="5" status="PASS">
          <reporter-output>
          </reporter-output>
        </test-method> <!-- amconfig -->
        <test-method is-config="true" signature="acConfig()[pri:0, instance:X_YUG.XYug_OurWorkSpace@5e2c3d18]" started-at="2024-06-14T11:05:50 IST" name="acConfig" finished-at="2024-06-14T11:05:50 IST" duration-ms="401" status="PASS">
          <reporter-output>
          </reporter-output>
        </test-method> <!-- acConfig -->
        <test-method is-config="true" signature="asConfig()[pri:0, instance:X_YUG.XYug_OurWorkSpace@5e2c3d18]" started-at="2024-06-14T11:12:34 IST" name="asConfig" finished-at="2024-06-14T11:12:34 IST" duration-ms="0" status="PASS">
          <reporter-output>
          </reporter-output>
        </test-method> <!-- asConfig -->
      </class> <!-- X_YUG.XYug_OurWorkSpace -->
      <class name="X_YUG.X_Yug_Devops_as_Service">
        <test-method is-config="true" signature="bcconfig()[pri:0, instance:X_YUG.X_Yug_Devops_as_Service@5032714f]" started-at="2024-06-14T11:08:08 IST" name="bcconfig" finished-at="2024-06-14T11:08:12 IST" duration-ms="4039" status="PASS">
          <reporter-output>
          </reporter-output>
        </test-method> <!-- bcconfig -->
        <test-method signature="performeDevops()[pri:0, instance:X_YUG.X_Yug_Devops_as_Service@5032714f]" started-at="2024-06-14T11:08:12 IST" name="performeDevops" finished-at="2024-06-14T11:08:26 IST" duration-ms="14592" status="PASS">
          <reporter-output>
          </reporter-output>
        </test-method> <!-- performeDevops -->
        <test-method is-config="true" signature="bmconfig()[pri:0, instance:X_YUG.X_Yug_Devops_as_Service@5032714f]" started-at="2024-06-14T11:08:12 IST" name="bmconfig" finished-at="2024-06-14T11:08:12 IST" duration-ms="0" status="PASS">
          <reporter-output>
          </reporter-output>
        </test-method> <!-- bmconfig -->
        <test-method is-config="true" signature="amconfig()[pri:0, instance:X_YUG.X_Yug_Devops_as_Service@5032714f]" started-at="2024-06-14T11:08:26 IST" name="amconfig" finished-at="2024-06-14T11:08:26 IST" duration-ms="0" status="PASS">
          <reporter-output>
          </reporter-output>
        </test-method> <!-- amconfig -->
        <test-method is-config="true" signature="acConfig()[pri:0, instance:X_YUG.X_Yug_Devops_as_Service@5032714f]" started-at="2024-06-14T11:08:26 IST" name="acConfig" finished-at="2024-06-14T11:08:27 IST" duration-ms="309" status="PASS">
          <reporter-output>
          </reporter-output>
        </test-method> <!-- acConfig -->
      </class> <!-- X_YUG.X_Yug_Devops_as_Service -->
      <class name="X_YUG.Create_WorkShop_Application">
        <test-method is-config="true" signature="bcconfig()[pri:0, instance:X_YUG.Create_WorkShop_Application@1a75e76a]" started-at="2024-06-14T11:06:55 IST" name="bcconfig" finished-at="2024-06-14T11:07:00 IST" duration-ms="5531" status="PASS">
          <reporter-output>
          </reporter-output>
        </test-method> <!-- bcconfig -->
        <test-method is-config="true" signature="bmconfig()[pri:0, instance:X_YUG.Create_WorkShop_Application@1a75e76a]" started-at="2024-06-14T11:07:00 IST" name="bmconfig" finished-at="2024-06-14T11:07:00 IST" duration-ms="1" status="PASS">
          <reporter-output>
          </reporter-output>
        </test-method> <!-- bmconfig -->
        <test-method signature="WorkShop()[pri:0, instance:X_YUG.Create_WorkShop_Application@1a75e76a]" started-at="2024-06-14T11:07:00 IST" name="WorkShop" finished-at="2024-06-14T11:07:28 IST" duration-ms="27194" status="PASS">
          <reporter-output>
          </reporter-output>
        </test-method> <!-- WorkShop -->
        <test-method is-config="true" signature="acConfig()[pri:0, instance:X_YUG.Create_WorkShop_Application@1a75e76a]" started-at="2024-06-14T11:07:28 IST" name="acConfig" finished-at="2024-06-14T11:07:28 IST" duration-ms="305" status="PASS">
          <reporter-output>
          </reporter-output>
        </test-method> <!-- acConfig -->
        <test-method is-config="true" signature="amconfig()[pri:0, instance:X_YUG.Create_WorkShop_Application@1a75e76a]" started-at="2024-06-14T11:07:28 IST" name="amconfig" finished-at="2024-06-14T11:07:28 IST" duration-ms="0" status="PASS">
          <reporter-output>
          </reporter-output>
        </test-method> <!-- amconfig -->
      </class> <!-- X_YUG.Create_WorkShop_Application -->
      <class name="X_YUG.X_Yug_VFX_VideoEditing">
        <test-method is-config="true" signature="bcconfig()[pri:0, instance:X_YUG.X_Yug_VFX_VideoEditing@57a78e3]" started-at="2024-06-14T11:10:25 IST" name="bcconfig" finished-at="2024-06-14T11:10:29 IST" duration-ms="4374" status="PASS">
          <reporter-output>
          </reporter-output>
        </test-method> <!-- bcconfig -->
        <test-method signature="PerformeVFX()[pri:0, instance:X_YUG.X_Yug_VFX_VideoEditing@57a78e3]" started-at="2024-06-14T11:10:29 IST" name="PerformeVFX" finished-at="2024-06-14T11:11:03 IST" duration-ms="33999" status="PASS">
          <reporter-output>
          </reporter-output>
        </test-method> <!-- PerformeVFX -->
        <test-method is-config="true" signature="bmconfig()[pri:0, instance:X_YUG.X_Yug_VFX_VideoEditing@57a78e3]" started-at="2024-06-14T11:10:29 IST" name="bmconfig" finished-at="2024-06-14T11:10:29 IST" duration-ms="0" status="PASS">
          <reporter-output>
          </reporter-output>
        </test-method> <!-- bmconfig -->
        <test-method is-config="true" signature="amconfig()[pri:0, instance:X_YUG.X_Yug_VFX_VideoEditing@57a78e3]" started-at="2024-06-14T11:11:03 IST" name="amconfig" finished-at="2024-06-14T11:11:03 IST" duration-ms="4" status="PASS">
          <reporter-output>
          </reporter-output>
        </test-method> <!-- amconfig -->
        <test-method is-config="true" signature="acConfig()[pri:0, instance:X_YUG.X_Yug_VFX_VideoEditing@57a78e3]" started-at="2024-06-14T11:11:03 IST" name="acConfig" finished-at="2024-06-14T11:11:04 IST" duration-ms="344" status="PASS">
          <reporter-output>
          </reporter-output>
        </test-method> <!-- acConfig -->
      </class> <!-- X_YUG.X_Yug_VFX_VideoEditing -->
      <class name="X_YUG.X_Yug_Digital_Marketing">
        <test-method is-config="true" signature="bcconfig()[pri:0, instance:X_YUG.X_Yug_Digital_Marketing@6fa51cd4]" started-at="2024-06-14T11:12:06 IST" name="bcconfig" finished-at="2024-06-14T11:12:11 IST" duration-ms="5003" status="PASS">
          <reporter-output>
          </reporter-output>
        </test-method> <!-- bcconfig -->
        <test-method is-config="true" signature="bmconfig()[pri:0, instance:X_YUG.X_Yug_Digital_Marketing@6fa51cd4]" started-at="2024-06-14T11:12:11 IST" name="bmconfig" finished-at="2024-06-14T11:12:11 IST" duration-ms="7" status="PASS">
          <reporter-output>
          </reporter-output>
        </test-method> <!-- bmconfig -->
        <test-method signature="clickDigitalMarketing()[pri:0, instance:X_YUG.X_Yug_Digital_Marketing@6fa51cd4]" started-at="2024-06-14T11:12:11 IST" name="clickDigitalMarketing" finished-at="2024-06-14T11:12:33 IST" duration-ms="22802" status="FAIL">
          <exception class="org.openqa.selenium.ElementNotInteractableException">
            <message>
              <![CDATA[element not interactable
  (Session info: chrome=125.0.6422.142)
Build info: version: '4.14.1', revision: '03f8ede370'
System info: os.name: 'Windows 11', os.arch: 'amd64', os.version: '10.0', java.version: '17.0.11'
Driver info: org.openqa.selenium.chrome.ChromeDriver
Command: [5c543f5f45578541a46081f9230c23e6, clickElement {id=f.0AB894D5F3FB9B91B173C1BDC57F6E8D.d.91454C0ED1CB63693FE3864821B51689.e.37}]
Capabilities {acceptInsecureCerts: false, browserName: chrome, browserVersion: 125.0.6422.142, chrome: {chromedriverVersion: 125.0.6422.141 (4b1e8393712..., userDataDir: C:\Users\Admin\AppData\Loca...}, fedcm:accounts: true, goog:chromeOptions: {debuggerAddress: localhost:61864}, networkConnectionEnabled: false, pageLoadStrategy: normal, platformName: windows, proxy: Proxy(), se:cdp: ws://localhost:61864/devtoo..., se:cdpVersion: 125.0.6422.142, setWindowRect: true, strictFileInteractability: false, timeouts: {implicit: 0, pageLoad: 300000, script: 30000}, unhandledPromptBehavior: dismiss and notify, webauthn:extension:credBlob: true, webauthn:extension:largeBlob: true, webauthn:extension:minPinLength: true, webauthn:extension:prf: true, webauthn:virtualAuthenticators: true}
Element: [[ChromeDriver: chrome on windows (5c543f5f45578541a46081f9230c23e6)] -> xpath: (//a[.='Digital Marketing'])[1]]
Session ID: 5c543f5f45578541a46081f9230c23e6]]>
            </message>
            <full-stacktrace>
              <![CDATA[org.openqa.selenium.ElementNotInteractableException: element not interactable
  (Session info: chrome=125.0.6422.142)
Build info: version: '4.14.1', revision: '03f8ede370'
System info: os.name: 'Windows 11', os.arch: 'amd64', os.version: '10.0', java.version: '17.0.11'
Driver info: org.openqa.selenium.chrome.ChromeDriver
Command: [5c543f5f45578541a46081f9230c23e6, clickElement {id=f.0AB894D5F3FB9B91B173C1BDC57F6E8D.d.91454C0ED1CB63693FE3864821B51689.e.37}]
Capabilities {acceptInsecureCerts: false, browserName: chrome, browserVersion: 125.0.6422.142, chrome: {chromedriverVersion: 125.0.6422.141 (4b1e8393712..., userDataDir: C:\Users\Admin\AppData\Loca...}, fedcm:accounts: true, goog:chromeOptions: {debuggerAddress: localhost:61864}, networkConnectionEnabled: false, pageLoadStrategy: normal, platformName: windows, proxy: Proxy(), se:cdp: ws://localhost:61864/devtoo..., se:cdpVersion: 125.0.6422.142, setWindowRect: true, strictFileInteractability: false, timeouts: {implicit: 0, pageLoad: 300000, script: 30000}, unhandledPromptBehavior: dismiss and notify, webauthn:extension:credBlob: true, webauthn:extension:largeBlob: true, webauthn:extension:minPinLength: true, webauthn:extension:prf: true, webauthn:virtualAuthenticators: true}
Element: [[ChromeDriver: chrome on windows (5c543f5f45578541a46081f9230c23e6)] -> xpath: (//a[.='Digital Marketing'])[1]]
Session ID: 5c543f5f45578541a46081f9230c23e6
at java.base/jdk.internal.reflect.NativeConstructorAccessorImpl.newInstance0(Native Method)
at java.base/jdk.internal.reflect.NativeConstructorAccessorImpl.newInstance(NativeConstructorAccessorImpl.java:77)
at java.base/jdk.internal.reflect.DelegatingConstructorAccessorImpl.newInstance(DelegatingConstructorAccessorImpl.java:45)
at java.base/java.lang.reflect.Constructor.newInstanceWithCaller(Constructor.java:499)
at java.base/java.lang.reflect.Constructor.newInstance(Constructor.java:480)
at org.openqa.selenium.remote.codec.w3c.W3CHttpResponseCodec.createException(W3CHttpResponseCodec.java:200)
at org.openqa.selenium.remote.codec.w3c.W3CHttpResponseCodec.decode(W3CHttpResponseCodec.java:133)
at org.openqa.selenium.remote.codec.w3c.W3CHttpResponseCodec.decode(W3CHttpResponseCodec.java:52)
at org.openqa.selenium.remote.HttpCommandExecutor.execute(HttpCommandExecutor.java:191)
at org.openqa.selenium.remote.service.DriverCommandExecutor.invokeExecute(DriverCommandExecutor.java:200)
at org.openqa.selenium.remote.service.DriverCommandExecutor.execute(DriverCommandExecutor.java:175)
at org.openqa.selenium.remote.RemoteWebDriver.execute(RemoteWebDriver.java:602)
at org.openqa.selenium.remote.RemoteWebElement.execute(RemoteWebElement.java:224)
at org.openqa.selenium.remote.RemoteWebElement.click(RemoteWebElement.java:77)
at jdk.internal.reflect.GeneratedMethodAccessor2.invoke(Unknown Source)
at java.base/jdk.internal.reflect.DelegatingMethodAccessorImpl.invoke(DelegatingMethodAccessorImpl.java:43)
at java.base/java.lang.reflect.Method.invoke(Method.java:568)
at org.openqa.selenium.support.pagefactory.internal.LocatingElementHandler.invoke(LocatingElementHandler.java:51)
at jdk.proxy2/jdk.proxy2.$Proxy17.click(Unknown Source)
at ObjectRepository.X_YugDashBoard.ClickDigitalMarketing(X_YugDashBoard.java:320)
at X_YUG.X_Yug_Digital_Marketing.clickDigitalMarketing(X_Yug_Digital_Marketing.java:13)
at java.base/jdk.internal.reflect.NativeMethodAccessorImpl.invoke0(Native Method)
at java.base/jdk.internal.reflect.NativeMethodAccessorImpl.invoke(NativeMethodAccessorImpl.java:77)
at java.base/jdk.internal.reflect.DelegatingMethodAccessorImpl.invoke(DelegatingMethodAccessorImpl.java:43)
at java.base/java.lang.reflect.Method.invoke(Method.java:568)
at org.testng.internal.invokers.MethodInvocationHelper.invokeMethod(MethodInvocationHelper.java:139)
at org.testng.internal.invokers.TestInvoker.invokeMethod(TestInvoker.java:677)
at org.testng.internal.invokers.TestInvoker.invokeTestMethod(TestInvoker.java:221)
at org.testng.internal.invokers.MethodRunner.runInSequence(MethodRunner.java:50)
at org.testng.internal.invokers.TestInvoker$MethodInvocationAgent.invoke(TestInvoker.java:962)
at org.testng.internal.invokers.TestInvoker.invokeTestMethods(TestInvoker.java:194)
at org.testng.internal.invokers.TestMethodWorker.invokeTestMethods(TestMethodWorker.java:148)
at org.testng.internal.invokers.TestMethodWorker.run(TestMethodWorker.java:128)
at java.base/java.util.ArrayList.forEach(ArrayList.java:1511)
at org.testng.TestRunner.privateRun(TestRunner.java:806)
at org.testng.TestRunner.run(TestRunner.java:601)
at org.testng.SuiteRunner.runTest(SuiteRunner.java:433)
at org.testng.SuiteRunner.runSequentially(SuiteRunner.java:427)
at org.testng.SuiteRunner.privateRun(SuiteRunner.java:387)
at org.testng.SuiteRunner.run(SuiteRunner.java:330)
at org.testng.SuiteRunnerWorker.runSuite(SuiteRunnerWorker.java:52)
at org.testng.SuiteRunnerWorker.run(SuiteRunnerWorker.java:95)
at org.testng.TestNG.runSuitesSequentially(TestNG.java:1256)
at org.testng.TestNG.runSuitesLocally(TestNG.java:1176)
at org.testng.TestNG.runSuites(TestNG.java:1099)
at org.testng.TestNG.run(TestNG.java:1067)
at org.testng.remote.AbstractRemoteTestNG.run(AbstractRemoteTestNG.java:115)
at org.testng.remote.RemoteTestNG.initAndRun(RemoteTestNG.java:293)
at org.testng.remote.RemoteTestNG.main(RemoteTestNG.java:91)
]]>
            </full-stacktrace>
          </exception> <!-- org.openqa.selenium.ElementNotInteractableException -->
          <reporter-output>
          </reporter-output>
        </test-method> <!-- clickDigitalMarketing -->
        <test-method is-config="true" signature="acConfig()[pri:0, instance:X_YUG.X_Yug_Digital_Marketing@6fa51cd4]" started-at="2024-06-14T11:12:33 IST" name="acConfig" finished-at="2024-06-14T11:12:34 IST" duration-ms="287" status="PASS">
          <reporter-output>
          </reporter-output>
        </test-method> <!-- acConfig -->
        <test-method is-config="true" signature="amconfig()[pri:0, instance:X_YUG.X_Yug_Digital_Marketing@6fa51cd4]" started-at="2024-06-14T11:12:33 IST" name="amconfig" finished-at="2024-06-14T11:12:33 IST" duration-ms="0" status="PASS">
          <reporter-output>
          </reporter-output>
        </test-method> <!-- amconfig -->
      </class> <!-- X_YUG.X_Yug_Digital_Marketing -->
    </test> <!-- Test -->
  </suite> <!-- Suite -->
</testng-results>
